<?xml version="1.0" encoding="UTF-8"?>
<!-- Generated by org.testng.reporters.JUnitReportReporter -->
<testsuite hostname="ochs-PC" name="com.game_machine.test.UdtServerTest" tests="1" failures="0" timestamp="17 Apr 2013 09:19:52 GMT" time="0.979" errors="0">
  <testcase name="runServer" time="0.979" classname="com.game_machine.test.UdtServerTest"/>
</testsuite> <!-- com.game_machine.test.UdtServerTest -->
